lsst.ctrl.bps.drivers INFO: DISCLAIMER: All values regarding memory consumption reported below are approximate and may not accurately reflect actual memory usage by the bps process.
lsst.ctrl.bps.drivers INFO: Starting submission process
lsst.ctrl.bps.drivers INFO: Initializing execution environment
lsst.ctrl.bps.drivers INFO: Initializing execution environment completed: Took 6.4497 seconds; current memory usage: 0.197 Gibyte, delta: 0.092 Gibyte, peak delta: 0.092 Gibyte
lsst.ctrl.bps.drivers INFO: Peak memory usage for bps process 0.197 Gibyte (main), 0.108 Gibyte (largest child process)
lsst.ctrl.bps.drivers INFO: Starting acquire stage (generating and/or reading quantum graph)
lsst.ctrl.bps.pre_transform INFO: Creating quantum graph
lsst.ctrl.bps.pre_transform INFO: /cvmfs/sw.lsst.eu/linux-x86_64/lsst_distrib/w_2023_13/conda/envs/lsst-scipipe-5.1.0-exact/share/eups/Linux64/ctrl_mpexec/g0772c82ede+4dd6a2566d/bin/pipetask --long-log --log-level=VERBOSE --log-file payload-log.json --log-label REPO=/sdf/group/rubin/repo/dc2/butler.yaml qgraph -b /sdf/group/rubin/repo/dc2/butler.yaml -i 2.2i/defaults/test-med-1 -o 2.2i/runs/test-med-1/w_2023_13/DM-38781 --output-run 2.2i/runs/test-med-1/w_2023_13/DM-38781/20230427T201523Z -p /cvmfs/sw.lsst.eu/linux-x86_64/lsst_distrib/w_2023_13/conda/envs/lsst-scipipe-5.1.0-exact/share/eups/Linux64/drp_pipe/g53c9e0a0c2+90c028f07f/pipelines/LSSTCam-imSim/DRP-test-med-1.yaml#faro_all -q /sdf/home/e/eiger/u/weekly_pipelines/DC2/faro/submit/2.2i/runs/test-med-1/w_2023_13/DM-38781/20230427T201523Z/2.2i_runs_test-med-1_w_2023_13_DM-38781_20230427T201523Z.qgraph -d "instrument='LSSTCam-imSim' and skymap='DC2' " 
lsst.ctrl.bps.pre_transform INFO: WARNING 2023-04-27T13:15:35.515-07:00 py.warnings ()(warnings.py:109) - /cvmfs/sw.lsst.eu/linux-x86_64/lsst_distrib/w_2023_13/conda/envs/lsst-scipipe-5.1.0-exact/share/eups/Linux64/pipe_tasks/g59f6dce098+3183d04c56/python/lsst/pipe/tasks/configurableActions.py:3: FutureWarning: lsst.pipe.tasks.configurableActions is deprecated; it has been moved to lsst.pex.config.configurableActions. Accessing though lsst.pipe.tasks will be removed from Science Pipelines after release 26.0.0
  warnings.warn(


lsst.ctrl.bps.pre_transform INFO: WARNING 2023-04-27T13:22:55.881-07:00 py.warnings ()(warnings.py:109) - /cvmfs/sw.lsst.eu/linux-x86_64/lsst_distrib/w_2023_13/conda/envs/lsst-scipipe-5.1.0-exact/share/eups/Linux64/daf_butler/gf4ed9e11e5+f52c87fe69/python/lsst/daf/butler/registry/datasets/byDimensions/_manager.py:355: FutureWarning: Querying for component datasets via Registry query methods is deprecated in favor of using DatasetRef and DatasetType methods on parent datasets. Only components=False will be supported after v26, and the components argument will be removed after v27.
  warnings.warn(deprecation_message, FutureWarning)


lsst.ctrl.bps.pre_transform INFO: INFO 2023-04-27T13:23:14.811-07:00 lsst.ctrl.mpexec.cmdLineFwk ()(cmdLineFwk.py:605) - QuantumGraph contains 2683 quanta for 38 tasks, graph ID: '1682626975.8834255-2237027'
Quanta              Tasks             
------ -------------------------------
    12   matchCatalogsTractGxsSNR5to80
   345                   nsrcMeasVisit
   345                             TE3
    12   matchCatalogsTractMag17to21p5
    12 matchCatalogsTractStarsSNR5to80
    12              matchCatalogsTract
     2                           wPerp
   345                             TE4
    12                             TE1
    12                    skyObjectStd
    12                             TE2
   588              matchCatalogsPatch
    12                   skyObjectMean
    98     matchCatalogsPatchMultiBand
    12                modelPhotRepGal3
    12                modelPhotRepGal4
    12                modelPhotRepGal1
    12                modelPhotRepGal2
    12                             AM2
    12                      AD2_design
    12                             AM3
    12                      AF3_design
    12                      AF1_design
    12                      AD3_design
    12                             AM1
    12                      AD1_design
    12                      AF2_design
    12               modelPhotRepStar3
    12                 psfPhotRepStar2
    12               modelPhotRepStar1
    12                 psfPhotRepStar1
    12                 psfPhotRepStar4
    12               modelPhotRepStar4
    12                 psfPhotRepStar3
    12               modelPhotRepStar2
    12                             PA1
    12                      PF1_design
   588                             AB1

lsst.ctrl.bps.pre_transform INFO: Overriding default configuration file with /cvmfs/sw.lsst.eu/linux-x86_64/lsst_distrib/w_2023_13/conda/envs/lsst-scipipe-5.1.0-exact/share/eups/Linux64/dustmaps_cachedata/g41a3ec361e+ed144641d5/config/.dustmapsrc

lsst.ctrl.bps.pre_transform INFO: Completed creating quantum graph: Took 784.0870 seconds
lsst.ctrl.bps.pre_transform INFO: Reading quantum graph from '/sdf/home/e/eiger/u/weekly_pipelines/DC2/faro/submit/2.2i/runs/test-med-1/w_2023_13/DM-38781/20230427T201523Z/2.2i_runs_test-med-1_w_2023_13_DM-38781_20230427T201523Z.qgraph'
py.warnings WARNING: /cvmfs/sw.lsst.eu/linux-x86_64/lsst_distrib/w_2023_13/conda/envs/lsst-scipipe-5.1.0-exact/share/eups/Linux64/pipe_tasks/g59f6dce098+3183d04c56/python/lsst/pipe/tasks/configurableActions.py:3: FutureWarning: lsst.pipe.tasks.configurableActions is deprecated; it has been moved to lsst.pex.config.configurableActions. Accessing though lsst.pipe.tasks will be removed from Science Pipelines after release 26.0.0
  warnings.warn(

lsst.ctrl.bps.pre_transform INFO: Completed reading quantum graph: Took 51.3027 seconds
lsst.ctrl.bps.drivers INFO: Acquire stage completed: Took 835.4349 seconds; current memory usage: 0.945 Gibyte, delta: 0.748 Gibyte, peak delta: 0.754 Gibyte
lsst.ctrl.bps.drivers INFO: Peak memory usage for bps process 0.951 Gibyte (main), 1.149 Gibyte (largest child process)
lsst.ctrl.bps.drivers INFO: Starting cluster stage (grouping quanta into jobs)
lsst.ctrl.bps.drivers INFO: Cluster stage completed: Took 0.1314 seconds; current memory usage: 0.945 Gibyte, delta: 0.000 Gibyte, peak delta: 0.000 Gibyte
lsst.ctrl.bps.drivers INFO: Peak memory usage for bps process 0.951 Gibyte (main), 1.149 Gibyte (largest child process)
lsst.ctrl.bps.drivers INFO: ClusteredQuantumGraph contains 2683 cluster(s)
lsst.ctrl.bps.drivers INFO: Starting transform stage (creating generic workflow)
lsst.ctrl.bps.drivers INFO: Generic workflow name '2.2i_runs_test-med-1_w_2023_13_DM-38781_20230427T201523Z'
lsst.ctrl.bps.drivers INFO: Transform stage completed: Took 0.9157 seconds; current memory usage: 0.946 Gibyte, delta: 0.001 Gibyte, peak delta: 0.000 Gibyte
lsst.ctrl.bps.drivers INFO: Peak memory usage for bps process 0.951 Gibyte (main), 1.149 Gibyte (largest child process)
lsst.ctrl.bps.drivers INFO: GenericWorkflow contains 2685 job(s) (including final)
lsst.ctrl.bps.drivers INFO: Starting prepare stage (creating specific implementation of workflow)
lsst.ctrl.bps.drivers INFO: Prepare stage completed: Took 0.6185 seconds; current memory usage: 0.946 Gibyte, delta: 0.000 Gibyte, peak delta: 0.000 Gibyte
lsst.ctrl.bps.drivers INFO: Peak memory usage for bps process 0.951 Gibyte (main), 1.149 Gibyte (largest child process)
lsst.ctrl.bps.drivers INFO: Starting submit stage
lsst.ctrl.bps.submit INFO: Creating execution butler in '/sdf/home/e/eiger/u/weekly_pipelines/DC2/faro/submit/2.2i/runs/test-med-1/w_2023_13/DM-38781/20230427T201523Z/EXEC_REPO-2.2i_runs_test-med-1_w_2023_13_DM-38781_20230427T201523Z'
lsst.ctrl.bps.submit INFO: Completed creating execution butler: Took 125.8616 seconds
lsst.ctrl.bps.submit INFO: Submitting run to a workflow management system for execution
lsst.ctrl.bps.panda.panda_service INFO: Submitted into iDDs with request id=3996
lsst.ctrl.bps.submit INFO: Completed submitting to a workflow management system: Took 3.9169 seconds
lsst.ctrl.bps.drivers INFO: Run '2.2i_runs_test-med-1_w_2023_13_DM-38781_20230427T201523Z' submitted for execution with id '3996'
lsst.ctrl.bps.drivers INFO: Completed submit stage: Took 129.8213 seconds; current memory usage: 0.933 Gibyte, delta: -0.013 Gibyte, peak delta: 0.000 Gibyte
lsst.ctrl.bps.drivers INFO: Completed entire submission process: Took 973.7055 seconds; current memory usage: 0.933 Gibyte, delta: 0.828 Gibyte, peak delta: 0.846 Gibyte
lsst.ctrl.bps.drivers INFO: Peak memory usage for bps process 0.951 Gibyte (main), 1.149 Gibyte (largest child process)
Submit dir: /sdf/home/e/eiger/u/weekly_pipelines/DC2/faro/submit/2.2i/runs/test-med-1/w_2023_13/DM-38781/20230427T201523Z
Overriding default configuration file with /cvmfs/sw.lsst.eu/linux-x86_64/lsst_distrib/w_2023_13/conda/envs/lsst-scipipe-5.1.0-exact/share/eups/Linux64/dustmaps_cachedata/g41a3ec361e+ed144641d5/config/.dustmapsrc
Run Id: 3996
Run Name: 2.2i_runs_test-med-1_w_2023_13_DM-38781_20230427T201523Z
