lsst.ctrl.bps.drivers INFO: DISCLAIMER: All values regarding memory consumption reported below are approximate and may not accurately reflect actual memory usage by the bps process.
lsst.ctrl.bps.drivers INFO: Starting submission process
lsst.ctrl.bps.drivers INFO: Initializing execution environment
lsst.ctrl.bps.drivers INFO: Initializing execution environment completed: Took 7.6028 seconds; current memory usage: 0.197 Gibyte, delta: 0.093 Gibyte, peak delta: 0.093 Gibyte
lsst.ctrl.bps.drivers INFO: Peak memory usage for bps process 0.197 Gibyte (main), 0.109 Gibyte (largest child process)
lsst.ctrl.bps.drivers INFO: Starting acquire stage (generating and/or reading quantum graph)
lsst.ctrl.bps.pre_transform INFO: Creating quantum graph
lsst.ctrl.bps.pre_transform INFO: /cvmfs/sw.lsst.eu/linux-x86_64/lsst_distrib/w_2023_06/conda/envs/lsst-scipipe-5.1.0/share/eups/Linux64/ctrl_mpexec/g7fb7fc81a5+b9f3ea4278/bin/pipetask --long-log --log-level=VERBOSE --log-file payload-log.json qgraph -b /sdf/group/rubin/repo/dc2/butler.yaml -i 2.2i/defaults/test-med-1 -o 2.2i/runs/test-med-1/w_2023_06/DM-37822 --output-run 2.2i/runs/test-med-1/w_2023_06/DM-37822/20230222T055535Z -p /cvmfs/sw.lsst.eu/linux-x86_64/lsst_distrib/w_2023_06/conda/envs/lsst-scipipe-5.1.0/share/eups/Linux64/drp_pipe/g3d603a7782+d02fdb6197/pipelines/LSSTCam-imSim/DRP-test-med-1.yaml#faro_all -q /sdf/home/e/eiger/u/weekly_pipelines/DC2/step8/submit/2.2i/runs/test-med-1/w_2023_06/DM-37822/20230222T055535Z/2.2i_runs_test-med-1_w_2023_06_DM-37822_20230222T055535Z.qgraph -d "instrument='LSSTCam-imSim' and skymap='DC2' " 
lsst.ctrl.bps.pre_transform INFO: INFO 2023-02-21T22:01:36.606-08:00 lsst.ctrl.mpexec.cmdLineFwk ()(cmdLineFwk.py:605) - QuantumGraph contains 2683 quanta for 38 tasks, graph ID: '1677045678.2395232-2762590'
Quanta              Tasks             
------ -------------------------------
    12                             TE1
    12                             TE2
   345                             TE4
    12 matchCatalogsTractStarsSNR5to80
   588              matchCatalogsPatch
    12   matchCatalogsTractGxsSNR5to80
   345                   nsrcMeasVisit
    98     matchCatalogsPatchMultiBand
    12   matchCatalogsTractMag17to21p5
   345                             TE3
    12              matchCatalogsTract
     2                           wPerp
    12                   skyObjectMean
    12                    skyObjectStd
    12                 psfPhotRepStar1
    12                 psfPhotRepStar2
    12                 psfPhotRepStar4
    12               modelPhotRepStar1
    12               modelPhotRepStar2
    12               modelPhotRepStar3
    12               modelPhotRepStar4
    12                 psfPhotRepStar3
    12                modelPhotRepGal1
    12                modelPhotRepGal2
    12                modelPhotRepGal3
    12                modelPhotRepGal4
   588                             AB1
    12                      AF2_design
    12                      AF3_design
    12                             AM3
    12                             AM1
    12                             AM2
    12                      AD2_design
    12                      AF1_design
    12                      AD1_design
    12                      AD3_design
    12                      PF1_design
    12                             PA1

lsst.ctrl.bps.pre_transform INFO: Overriding default configuration file with /cvmfs/sw.lsst.eu/linux-x86_64/lsst_distrib/w_2023_06/conda/envs/lsst-scipipe-5.1.0/share/eups/Linux64/dustmaps_cachedata/g41a3ec361e+62d12e78cb/config/.dustmapsrc

lsst.ctrl.bps.pre_transform INFO: Completed creating quantum graph: Took 671.1352 seconds
lsst.ctrl.bps.pre_transform INFO: Reading quantum graph from '/sdf/home/e/eiger/u/weekly_pipelines/DC2/step8/submit/2.2i/runs/test-med-1/w_2023_06/DM-37822/20230222T055535Z/2.2i_runs_test-med-1_w_2023_06_DM-37822_20230222T055535Z.qgraph'
lsst.ctrl.bps.pre_transform INFO: Completed reading quantum graph: Took 52.3580 seconds
lsst.ctrl.bps.drivers INFO: Acquire stage completed: Took 723.5245 seconds; current memory usage: 0.975 Gibyte, delta: 0.778 Gibyte, peak delta: 0.782 Gibyte
lsst.ctrl.bps.drivers INFO: Peak memory usage for bps process 0.979 Gibyte (main), 1.164 Gibyte (largest child process)
lsst.ctrl.bps.drivers INFO: Starting cluster stage (grouping quanta into jobs)
lsst.ctrl.bps.drivers INFO: Cluster stage completed: Took 0.1050 seconds; current memory usage: 0.975 Gibyte, delta: 0.000 Gibyte, peak delta: 0.000 Gibyte
lsst.ctrl.bps.drivers INFO: Peak memory usage for bps process 0.979 Gibyte (main), 1.164 Gibyte (largest child process)
lsst.ctrl.bps.drivers INFO: ClusteredQuantumGraph contains 2683 cluster(s)
lsst.ctrl.bps.drivers INFO: Starting transform stage (creating generic workflow)
lsst.ctrl.bps.drivers INFO: Generic workflow name '2.2i_runs_test-med-1_w_2023_06_DM-37822_20230222T055535Z'
lsst.ctrl.bps.drivers INFO: Transform stage completed: Took 0.8746 seconds; current memory usage: 0.976 Gibyte, delta: 0.000 Gibyte, peak delta: 0.000 Gibyte
lsst.ctrl.bps.drivers INFO: Peak memory usage for bps process 0.979 Gibyte (main), 1.164 Gibyte (largest child process)
lsst.ctrl.bps.drivers INFO: GenericWorkflow contains 2685 job(s) (including final)
lsst.ctrl.bps.drivers INFO: Starting prepare stage (creating specific implementation of workflow)
lsst.ctrl.bps.drivers INFO: Prepare stage completed: Took 0.5722 seconds; current memory usage: 0.976 Gibyte, delta: 0.000 Gibyte, peak delta: 0.000 Gibyte
lsst.ctrl.bps.drivers INFO: Peak memory usage for bps process 0.979 Gibyte (main), 1.164 Gibyte (largest child process)
lsst.ctrl.bps.drivers INFO: Starting submit stage
lsst.ctrl.bps.submit INFO: Creating execution butler in '/sdf/home/e/eiger/u/weekly_pipelines/DC2/step8/submit/2.2i/runs/test-med-1/w_2023_06/DM-37822/20230222T055535Z/EXEC_REPO-2.2i_runs_test-med-1_w_2023_06_DM-37822_20230222T055535Z'
lsst.ctrl.bps.submit INFO: Completed creating execution butler: Took 126.6241 seconds
lsst.ctrl.bps.submit INFO: Submitting run to a workflow management system for execution
lsst.ctrl.bps.panda.panda_service INFO: Submitted into iDDs with request id=3418
lsst.ctrl.bps.submit INFO: Completed submitting to a workflow management system: Took 38.2476 seconds
lsst.ctrl.bps.drivers INFO: Run '2.2i_runs_test-med-1_w_2023_06_DM-37822_20230222T055535Z' submitted for execution with id '3418'
lsst.ctrl.bps.drivers INFO: Completed submit stage: Took 164.9020 seconds; current memory usage: 0.976 Gibyte, delta: 0.000 Gibyte, peak delta: 0.000 Gibyte
lsst.ctrl.bps.drivers INFO: Completed entire submission process: Took 897.8288 seconds; current memory usage: 0.976 Gibyte, delta: 0.871 Gibyte, peak delta: 0.874 Gibyte
lsst.ctrl.bps.drivers INFO: Peak memory usage for bps process 0.979 Gibyte (main), 1.164 Gibyte (largest child process)
Submit dir: /sdf/home/e/eiger/u/weekly_pipelines/DC2/step8/submit/2.2i/runs/test-med-1/w_2023_06/DM-37822/20230222T055535Z
Overriding default configuration file with /cvmfs/sw.lsst.eu/linux-x86_64/lsst_distrib/w_2023_06/conda/envs/lsst-scipipe-5.1.0/share/eups/Linux64/dustmaps_cachedata/g41a3ec361e+62d12e78cb/config/.dustmapsrc
Run Id: 3418
Run Name: 2.2i_runs_test-med-1_w_2023_06_DM-37822_20230222T055535Z
